<?xml version="1.0" encoding="UTF-8"?>
<!-- Generated by org.testng.reporters.JUnitXMLReporter -->
<testsuite hostname="DESKTOP-KRVQJFM" ignored="0" name="Test" tests="4" failures="0" timestamp="2020-01-04T20:20:06 IST" time="135.393" errors="0">
  <testcase name="verifyHomePageTitleTest" time="0.029" classname="com.crm.qa.testcases.HomePageTest"/>
  <testcase name="verifyUserNameTest" time="0.104" classname="com.crm.qa.testcases.HomePageTest"/>
  <testcase name="loginPageTitleTest" time="0.012" classname="com.crm.qa.testcases.LoginPageTest"/>
  <testcase name="loginTest" time="7.989" classname="com.crm.qa.testcases.LoginPageTest"/>
</testsuite> <!-- Test -->
