<?xml version="1.0" encoding="UTF-8"?>
<testng-results skipped="0" failed="0" ignored="0" total="2" passed="2">
  <reporter-output>
  </reporter-output>
  <suite name="Command line suite" duration-ms="95010" started-at="2020-02-01T16:09:44 IST" finished-at="2020-02-01T16:11:19 IST">
    <groups>
    </groups>
    <test name="Command line test" duration-ms="95010" started-at="2020-02-01T16:09:44 IST" finished-at="2020-02-01T16:11:19 IST">
      <class name="com.crm.qa.testcases.LoginPageTest">
        <test-method status="PASS" signature="setUp()[pri:0, instance:com.crm.qa.testcases.LoginPageTest@e25b2fe]" name="setUp" is-config="true" duration-ms="46480" started-at="2020-02-01T16:09:44 IST" finished-at="2020-02-01T16:10:30 IST">
          <reporter-output>
          </reporter-output>
        </test-method> <!-- setUp -->
        <test-method status="PASS" signature="loginPageTitleTest()[pri:1, instance:com.crm.qa.testcases.LoginPageTest@e25b2fe]" name="loginPageTitleTest" duration-ms="18" started-at="2020-02-01T16:10:30 IST" finished-at="2020-02-01T16:10:30 IST">
          <reporter-output>
          </reporter-output>
        </test-method> <!-- loginPageTitleTest -->
        <test-method status="PASS" signature="tearDown()[pri:0, instance:com.crm.qa.testcases.LoginPageTest@e25b2fe]" name="tearDown" is-config="true" duration-ms="674" started-at="2020-02-01T16:10:30 IST" finished-at="2020-02-01T16:10:31 IST">
          <reporter-output>
          </reporter-output>
        </test-method> <!-- tearDown -->
        <test-method status="PASS" signature="setUp()[pri:0, instance:com.crm.qa.testcases.LoginPageTest@e25b2fe]" name="setUp" is-config="true" duration-ms="27270" started-at="2020-02-01T16:10:31 IST" finished-at="2020-02-01T16:10:58 IST">
          <reporter-output>
          </reporter-output>
        </test-method> <!-- setUp -->
        <test-method status="PASS" signature="loginTest()[pri:2, instance:com.crm.qa.testcases.LoginPageTest@e25b2fe]" name="loginTest" duration-ms="19869" started-at="2020-02-01T16:10:58 IST" finished-at="2020-02-01T16:11:18 IST">
          <reporter-output>
          </reporter-output>
        </test-method> <!-- loginTest -->
        <test-method status="PASS" signature="tearDown()[pri:0, instance:com.crm.qa.testcases.LoginPageTest@e25b2fe]" name="tearDown" is-config="true" duration-ms="619" started-at="2020-02-01T16:11:18 IST" finished-at="2020-02-01T16:11:19 IST">
          <reporter-output>
          </reporter-output>
        </test-method> <!-- tearDown -->
      </class> <!-- com.crm.qa.testcases.LoginPageTest -->
    </test> <!-- Command line test -->
  </suite> <!-- Command line suite -->
</testng-results>
