<?xml version="1.0" encoding="UTF-8"?>
<testng-results skipped="0" failed="0" ignored="0" total="2" passed="2">
  <reporter-output>
  </reporter-output>
  <suite name="Default suite" duration-ms="63229" started-at="2020-03-23T13:13:29 IST" finished-at="2020-03-23T13:14:32 IST">
    <groups>
    </groups>
    <test name="Default test" duration-ms="63229" started-at="2020-03-23T13:13:29 IST" finished-at="2020-03-23T13:14:32 IST">
      <class name="com.crm.qa.testcases.LoginPageTest">
        <test-method status="PASS" signature="setUp()[pri:0, instance:com.crm.qa.testcases.LoginPageTest@67205a84]" name="setUp" is-config="true" duration-ms="33262" started-at="2020-03-23T13:13:29 IST" finished-at="2020-03-23T13:14:02 IST">
          <reporter-output>
          </reporter-output>
        </test-method> <!-- setUp -->
        <test-method status="PASS" signature="loginPageTitleTest()[pri:1, instance:com.crm.qa.testcases.LoginPageTest@67205a84]" name="loginPageTitleTest" duration-ms="67" started-at="2020-03-23T13:14:02 IST" finished-at="2020-03-23T13:14:02 IST">
          <reporter-output>
          </reporter-output>
        </test-method> <!-- loginPageTitleTest -->
        <test-method status="PASS" signature="tearDown()[pri:0, instance:com.crm.qa.testcases.LoginPageTest@67205a84]" name="tearDown" is-config="true" duration-ms="1695" started-at="2020-03-23T13:14:02 IST" finished-at="2020-03-23T13:14:04 IST">
          <reporter-output>
          </reporter-output>
        </test-method> <!-- tearDown -->
        <test-method status="PASS" signature="setUp()[pri:0, instance:com.crm.qa.testcases.LoginPageTest@67205a84]" name="setUp" is-config="true" duration-ms="19977" started-at="2020-03-23T13:14:04 IST" finished-at="2020-03-23T13:14:24 IST">
          <reporter-output>
          </reporter-output>
        </test-method> <!-- setUp -->
        <test-method status="PASS" signature="loginTest()[pri:2, instance:com.crm.qa.testcases.LoginPageTest@67205a84]" name="loginTest" duration-ms="6505" started-at="2020-03-23T13:14:24 IST" finished-at="2020-03-23T13:14:31 IST">
          <reporter-output>
          </reporter-output>
        </test-method> <!-- loginTest -->
        <test-method status="PASS" signature="tearDown()[pri:0, instance:com.crm.qa.testcases.LoginPageTest@67205a84]" name="tearDown" is-config="true" duration-ms="1467" started-at="2020-03-23T13:14:31 IST" finished-at="2020-03-23T13:14:32 IST">
          <reporter-output>
          </reporter-output>
        </test-method> <!-- tearDown -->
      </class> <!-- com.crm.qa.testcases.LoginPageTest -->
    </test> <!-- Default test -->
  </suite> <!-- Default suite -->
</testng-results>
