<?xml version="1.0" encoding="UTF-8"?>
<testng-results skipped="0" failed="0" total="2" passed="2">
  <reporter-output>
  </reporter-output>
  <suite name="Default suite" duration-ms="69968" started-at="2020-01-02T14:29:03Z" finished-at="2020-01-02T14:30:13Z">
    <groups>
    </groups>
    <test name="Default test" duration-ms="69968" started-at="2020-01-02T14:29:03Z" finished-at="2020-01-02T14:30:13Z">
      <class name="com.crm.qa.testcases.LoginPageTest">
        <test-method status="PASS" signature="setUp()[pri:0, instance:com.crm.qa.testcases.LoginPageTest@1bce4f0a]" name="setUp" is-config="true" duration-ms="35002" started-at="2020-01-02T19:59:03Z" finished-at="2020-01-02T19:59:38Z">
          <reporter-output>
          </reporter-output>
        </test-method> <!-- setUp -->
        <test-method status="PASS" signature="loginPageTitleTest()[pri:1, instance:com.crm.qa.testcases.LoginPageTest@1bce4f0a]" name="loginPageTitleTest" duration-ms="40" started-at="2020-01-02T19:59:38Z" finished-at="2020-01-02T19:59:38Z">
          <reporter-output>
          </reporter-output>
        </test-method> <!-- loginPageTitleTest -->
        <test-method status="PASS" signature="tearDown()[pri:0, instance:com.crm.qa.testcases.LoginPageTest@1bce4f0a]" name="tearDown" is-config="true" duration-ms="1157" started-at="2020-01-02T19:59:38Z" finished-at="2020-01-02T19:59:40Z">
          <reporter-output>
          </reporter-output>
        </test-method> <!-- tearDown -->
        <test-method status="PASS" signature="setUp()[pri:0, instance:com.crm.qa.testcases.LoginPageTest@1bce4f0a]" name="setUp" is-config="true" duration-ms="25962" started-at="2020-01-02T19:59:40Z" finished-at="2020-01-02T20:00:06Z">
          <reporter-output>
          </reporter-output>
        </test-method> <!-- setUp -->
        <test-method status="PASS" signature="loginTest()[pri:3, instance:com.crm.qa.testcases.LoginPageTest@1bce4f0a]" name="loginTest" duration-ms="7051" started-at="2020-01-02T20:00:06Z" finished-at="2020-01-02T20:00:13Z">
          <reporter-output>
          </reporter-output>
        </test-method> <!-- loginTest -->
        <test-method status="PASS" signature="tearDown()[pri:0, instance:com.crm.qa.testcases.LoginPageTest@1bce4f0a]" name="tearDown" is-config="true" duration-ms="725" started-at="2020-01-02T20:00:13Z" finished-at="2020-01-02T20:00:13Z">
          <reporter-output>
          </reporter-output>
        </test-method> <!-- tearDown -->
      </class> <!-- com.crm.qa.testcases.LoginPageTest -->
    </test> <!-- Default test -->
  </suite> <!-- Default suite -->
</testng-results>
